<?xml version="1.0" encoding="UTF-8"?>
<!-- Generated by org.testng.reporters.JUnitReportReporter -->
<testsuite hostname="Shravani-PC" failures="0" tests="1" name="TestClass" time="6.345" errors="0" timestamp="2022-05-10T12:21:50 IST" skipped="0">
  <testcase classname="TestClass" name="test" time="6.345"/>
  <system-out/>
</testsuite> <!-- TestClass -->
